<?xml version="1.0" encoding="UTF-8"?>
<!-- Generated by org.testng.reporters.JUnitReportReporter -->
<testsuite skipped="0" hostname="dtl-mac1.dmodtl.ceif.hpc.mil" name="com.consol.citrus.samples.todolist.TodoListIT" tests="2" failures="0" timestamp="21 Aug 2017 21:26:23 GMT" time="0.664" errors="0">
  <testcase name="testTodoList" time="0.016" classname="com.consol.citrus.samples.todolist.TodoListIT"/>
  <testcase name="testTodo" time="0.648" classname="com.consol.citrus.samples.todolist.TodoListIT"/>
</testsuite> <!-- com.consol.citrus.samples.todolist.TodoListIT -->
